2025-10-31 13:54:06,760 Client Requested Server Time
2025-10-31 13:54:08,060 Client Requested Server Time
2025-10-31 13:54:09,111 Client Requested A Random Number From 1-10
2025-10-31 13:54:10,348 Client Requested Server Name
2025-10-31 13:54:11,611 The Client Didn't Want Nothing
2025-10-31 13:54:50,414 The Client Didn't Want Nothing
2025-10-31 13:55:14,814 The Client Didn't Want Nothing
2025-10-31 13:56:52,013 The Client Didn't Want Nothing
2025-10-31 13:56:56,967 The Client Didn't Want Nothing
2025-10-31 13:57:25,680 The Client Didn't Want Nothing
2025-10-31 13:57:41,005 Client Requested Server Time
2025-10-31 13:57:43,519 Client Requested Server Time
2025-10-31 13:58:40,734 The Client Didn't Want Nothing
2025-10-31 13:58:51,158 Client Requested Server Time
2025-10-31 13:59:16,098 Client Requested Server Time
2025-10-31 13:59:37,962 Client Requested Server Time
2025-10-31 13:59:41,450 Client Requested Server Time
2025-10-31 13:59:43,061 Client Requested Server Time
2025-10-31 13:59:49,613 Client Requested Server Time
2025-10-31 14:01:26,593 The Client Didn't Want Nothing
2025-10-31 14:02:12,870 The Client Didn't Want Nothing
2025-10-31 14:02:27,807 The Client Didn't Want Nothing
2025-10-31 14:02:57,759 The Client Didn't Want Nothing
2025-10-31 14:03:02,898 Client Requested Server Time
2025-10-31 14:03:09,374 Client Requested Server Time
2025-10-31 14:03:15,124 Client Requested Server Time
2025-10-31 14:03:38,974 Client Requested Server Time
2025-10-31 14:04:03,787 Client Requested Server Time
2025-10-31 14:04:04,750 Client Requested Server Time
2025-10-31 14:04:05,913 Client Requested A Random Number From 1-10
2025-10-31 14:04:06,786 The Client Didn't Want Nothing
2025-10-31 14:05:15,440 The Client Disconnected
2025-10-31 14:05:21,027 The Client Disconnected
2025-10-31 14:05:47,617 Client Requested Server Time
2025-10-31 14:05:49,254 Client Requested Server Time
2025-10-31 14:05:50,065 Client Requested A Random Number From 1-10
2025-10-31 14:05:52,079 Client Requested Server Name
2025-10-31 14:07:31,746 - INFO - Client Requested Server Time
2025-10-31 14:07:32,908 - INFO - Client Requested Server Time
2025-10-31 14:07:40,821 - INFO - The Client Disconnected
